
Apr 14, 2020 19:27:24.58 NEW SESSION
Apr 14, 2020 19:27:24.58 [6584:1712:0414/192724.578:ERROR:gcm_channel_status_request.cc(145)] GCM channel request failed.
Apr 14, 2020 19:27:43.79 [6584:10568:0414/192743.790:ERROR:connection_factory_impl.cc(420)] Failed to connect to MCS endpoint with error -106
Apr 14, 2020 19:27:53.41 [6584:1712:0414/192753.411:ERROR:gcm_channel_status_request.cc(145)] GCM channel request failed.
Apr 14, 2020 19:28:10.45 [6584:10568:0414/192810.458:ERROR:connection_factory_impl.cc(420)] Failed to connect to MCS endpoint with error -106
Apr 14, 2020 19:28:41.56 [6584:1712:0414/192841.566:ERROR:gcm_channel_status_request.cc(145)] GCM channel request failed.
Apr 14, 2020 19:29:05.69 [6584:10568:0414/192905.696:ERROR:connection_factory_impl.cc(420)] Failed to connect to MCS endpoint with error -106
Apr 14, 2020 19:30:09.34 [6584:1712:0414/193009.342:ERROR:gcm_channel_status_request.cc(145)] GCM channel request failed.
Apr 14, 2020 19:34:14.17 [6584:1712:0414/193414.169:ERROR:gcm_channel_status_request.cc(145)] GCM channel request failed.
Apr 14, 2020 19:41:55.60 [6584:1712:0414/194155.608:ERROR:gcm_channel_status_request.cc(145)] GCM channel request failed.
Apr 14, 2020 19:52:38.42 [6584:1712:0414/195238.421:ERROR:gcm_channel_status_request.cc(145)] GCM channel request failed.
Apr 14, 2020 19:53:28.06 [6584:1712:0414/195328.062:ERROR:account_info_fetcher.cc(60)] OnGetTokenFailure: Connection failed (-118).
Apr 14, 2020 20:03:21.15 [6584:1712:0414/200321.149:ERROR:gcm_channel_status_request.cc(145)] GCM channel request failed.
Apr 14, 2020 20:13:59.39 [6584:1712:0414/201359.388:ERROR:gcm_channel_status_request.cc(145)] GCM channel request failed.
Apr 14, 2020 20:24:41.97 [6584:1712:0414/202441.973:ERROR:gcm_channel_status_request.cc(145)] GCM channel request failed.
Apr 14, 2020 20:35:24.38 [6584:1712:0414/203524.384:ERROR:gcm_channel_status_request.cc(145)] GCM channel request failed.
Apr 14, 2020 20:46:06.78 [6584:1712:0414/204606.780:ERROR:gcm_channel_status_request.cc(145)] GCM channel request failed.
Apr 14, 2020 20:56:49.19 [6584:1712:0414/205649.196:ERROR:gcm_channel_status_request.cc(145)] GCM channel request failed.
Apr 14, 2020 21:07:31.81 [6584:1712:0414/210731.809:ERROR:gcm_channel_status_request.cc(145)] GCM channel request failed.

Apr 16, 2020 11:58:57.03 NEW SESSION
Apr 16, 2020 11:58:57.03 [5872:5028:0416/115857.021:ERROR:connection_factory_impl.cc(420)] Failed to connect to MCS endpoint with error -106
Apr 16, 2020 11:58:57.07 [5872:5028:0416/115857.030:ERROR:checkin_request.cc(223)] Failed to get checkin response. Fetcher failed. Retrying.

Apr 17, 2020 24:20:45.92 NEW SESSION
Apr 17, 2020 24:20:45.92 [10688:16136:0417/002045.916:ERROR:connection_factory_impl.cc(420)] Failed to connect to MCS endpoint with error -106
Apr 17, 2020 24:21:03.36 [10688:15264:0417/002103.359:ERROR:account_info_fetcher.cc(60)] OnGetTokenFailure: Connection failed (-106).
Apr 17, 2020 24:21:13.88 [10688:16136:0417/002113.886:ERROR:connection_factory_impl.cc(420)] Failed to connect to MCS endpoint with error -106
Apr 17, 2020 24:22:12.52 [10688:16136:0417/002212.525:ERROR:connection_factory_impl.cc(420)] Failed to connect to MCS endpoint with error -106

Apr 17, 2020 01:40:56.40 NEW SESSION
Apr 17, 2020 01:40:56.40 [10760:15976:0417/014056.398:ERROR:connection_factory_impl.cc(420)] Failed to connect to MCS endpoint with error -106
Apr 17, 2020 01:41:19.59 [10760:15976:0417/014119.596:ERROR:connection_factory_impl.cc(420)] Failed to connect to MCS endpoint with error -106
Apr 17, 2020 01:42:15.65 [10760:15976:0417/014215.649:ERROR:connection_factory_impl.cc(420)] Failed to connect to MCS endpoint with error -106
Apr 17, 2020 01:44:01.56 [10760:15976:0417/014401.565:ERROR:connection_factory_impl.cc(420)] Failed to connect to MCS endpoint with error -106
Apr 17, 2020 01:47:56.48 [10760:15976:0417/014756.481:ERROR:connection_factory_impl.cc(420)] Failed to connect to MCS endpoint with error -106

Apr 17, 2020 19:31:19.52 NEW SESSION
Apr 17, 2020 19:31:19.52 [9476:10340:0417/193119.472:ERROR:connection_factory_impl.cc(420)] Failed to connect to MCS endpoint with error -106
Apr 17, 2020 19:31:44.19 [9476:10340:0417/193144.199:ERROR:connection_factory_impl.cc(420)] Failed to connect to MCS endpoint with error -106
Apr 17, 2020 19:32:37.98 [9476:10340:0417/193237.981:ERROR:connection_factory_impl.cc(420)] Failed to connect to MCS endpoint with error -106
Apr 17, 2020 19:33:02.01 [9476:10340:0417/193302.018:ERROR:connection_factory_impl.cc(420)] Failed to connect to MCS endpoint with error -21

Apr 18, 2020 20:49:29.36 NEW SESSION
Apr 18, 2020 20:49:29.38 [7388:2852:0418/204927.469:ERROR:connection_factory_impl.cc(420)] Failed to connect to MCS endpoint with error -106
Apr 18, 2020 20:49:53.43 [7388:2852:0418/204953.432:ERROR:connection_factory_impl.cc(420)] Failed to connect to MCS endpoint with error -106
Apr 18, 2020 20:50:38.08 [7388:2852:0418/205038.081:ERROR:connection_factory_impl.cc(420)] Failed to connect to MCS endpoint with error -106

Apr 19, 2020 24:23:04.56 NEW SESSION
Apr 19, 2020 24:23:04.56 [11332:14772:0419/002304.559:ERROR:connection_factory_impl.cc(420)] Failed to connect to MCS endpoint with error -106
Apr 19, 2020 24:23:21.02 [11332:10340:0419/002321.023:ERROR:account_info_fetcher.cc(60)] OnGetTokenFailure: Connection failed (-106).
Apr 19, 2020 24:23:30.45 [11332:14772:0419/002330.454:ERROR:connection_factory_impl.cc(420)] Failed to connect to MCS endpoint with error -106
Apr 19, 2020 24:24:20.42 [11332:14772:0419/002420.420:ERROR:connection_factory_impl.cc(420)] Failed to connect to MCS endpoint with error -106
Apr 19, 2020 24:33:16.72 [11332:10340:0419/003316.728:ERROR:CONSOLE(764)] "Failed to execute 'postMessage' on 'DOMWindow': The target origin provided ('http://www.google.com') does not match the recipient window's origin ('chrome-search://local-ntp').", source: chrome-search://most-visited/single.js (764)

Apr 19, 2020 13:18:57.94 NEW SESSION
Apr 19, 2020 13:18:57.94 [6972:13388:0419/131857.945:ERROR:connection_factory_impl.cc(420)] Failed to connect to MCS endpoint with error -106
Apr 19, 2020 13:19:22.03 [6972:13388:0419/131922.032:ERROR:connection_factory_impl.cc(420)] Failed to connect to MCS endpoint with error -106
Apr 19, 2020 13:20:15.32 [6972:13388:0419/132015.328:ERROR:connection_factory_impl.cc(420)] Failed to connect to MCS endpoint with error -106
Apr 19, 2020 13:23:47.46 [6972:13388:0419/132347.461:ERROR:connection_factory_impl.cc(420)] Failed to connect to MCS endpoint with error -106
Apr 19, 2020 13:24:11.05 [6972:13388:0419/132411.057:ERROR:connection_factory_impl.cc(420)] Failed to connect to MCS endpoint with error -106
Apr 19, 2020 14:26:48.91 [6972:2476:0419/142648.908:ERROR:gcm_channel_status_request.cc(145)] GCM channel request failed.
Apr 19, 2020 14:26:48.91 [6972:13388:0419/142648.911:ERROR:connection_factory_impl.cc(420)] Failed to connect to MCS endpoint with error -106
Apr 19, 2020 14:27:10.57 [6972:2476:0419/142710.578:ERROR:gcm_channel_status_request.cc(145)] GCM channel request failed.
Apr 19, 2020 14:28:03.87 [6972:2476:0419/142803.869:ERROR:gcm_channel_status_request.cc(145)] GCM channel request failed.

Apr 19, 2020 23:39:36.99 NEW SESSION
Apr 19, 2020 23:39:36.99 [2576:5808:0419/233936.990:ERROR:connection_factory_impl.cc(420)] Failed to connect to MCS endpoint with error -106
Apr 19, 2020 23:39:59.27 [2576:5808:0419/233959.273:ERROR:connection_factory_impl.cc(420)] Failed to connect to MCS endpoint with error -106
Apr 19, 2020 23:40:44.75 [2576:5808:0419/234044.752:ERROR:connection_factory_impl.cc(420)] Failed to connect to MCS endpoint with error -106
Apr 19, 2020 23:42:12.27 [2576:5808:0419/234212.270:ERROR:connection_factory_impl.cc(420)] Failed to connect to MCS endpoint with error -106
Apr 19, 2020 23:45:54.42 [2576:1652:0419/234554.426:ERROR:gcm_channel_status_request.cc(145)] GCM channel request failed.
Apr 19, 2020 23:46:10.62 [2576:5808:0419/234610.621:ERROR:connection_factory_impl.cc(420)] Failed to connect to MCS endpoint with error -106
Apr 19, 2020 23:46:19.01 [2576:1652:0419/234619.017:ERROR:gcm_channel_status_request.cc(145)] GCM channel request failed.
Apr 19, 2020 23:47:12.21 [2576:1652:0419/234712.212:ERROR:gcm_channel_status_request.cc(145)] GCM channel request failed.
Apr 19, 2020 23:48:44.88 [2576:1652:0419/234844.884:ERROR:gcm_channel_status_request.cc(145)] GCM channel request failed.

Apr 20, 2020 13:40:18.44 NEW SESSION
Apr 20, 2020 13:40:18.44 [3240:12108:0420/134018.394:ERROR:connection_factory_impl.cc(420)] Failed to connect to MCS endpoint with error -106
Apr 20, 2020 13:40:43.64 [3240:12108:0420/134043.642:ERROR:connection_factory_impl.cc(420)] Failed to connect to MCS endpoint with error -106
Apr 20, 2020 13:41:26.86 [3240:12108:0420/134126.861:ERROR:connection_factory_impl.cc(420)] Failed to connect to MCS endpoint with error -106
Apr 20, 2020 13:43:26.67 [3240:12108:0420/134326.674:ERROR:connection_factory_impl.cc(420)] Failed to connect to MCS endpoint with error -106
Apr 20, 2020 13:47:15.84 [3240:12108:0420/134715.842:ERROR:connection_factory_impl.cc(420)] Failed to connect to MCS endpoint with error -106
Apr 20, 2020 13:48:25.61 [3240:10552:0420/134825.613:ERROR:gcm_channel_status_request.cc(145)] GCM channel request failed.
Apr 20, 2020 13:48:48.06 [3240:10552:0420/134848.065:ERROR:gcm_channel_status_request.cc(145)] GCM channel request failed.
Apr 20, 2020 13:49:33.27 [3240:10552:0420/134933.279:ERROR:gcm_channel_status_request.cc(145)] GCM channel request failed.
Apr 20, 2020 13:51:27.79 [3240:10552:0420/135127.798:ERROR:gcm_channel_status_request.cc(145)] GCM channel request failed.
Apr 20, 2020 13:53:34.05 [3240:12108:0420/135334.055:ERROR:connection_factory_impl.cc(420)] Failed to connect to MCS endpoint with error -106
Apr 20, 2020 13:54:41.39 [3240:10552:0420/135441.397:ERROR:gcm_channel_status_request.cc(145)] GCM channel request failed.
Apr 20, 2020 14:01:09.25 [3240:10552:0420/140109.253:ERROR:gcm_channel_status_request.cc(145)] GCM channel request failed.
Apr 20, 2020 14:03:34.05 [3240:12108:0420/140334.057:ERROR:connection_factory_impl.cc(420)] Failed to connect to MCS endpoint with error -106
Apr 20, 2020 14:11:09.26 [3240:10552:0420/141109.259:ERROR:gcm_channel_status_request.cc(145)] GCM channel request failed.
Apr 20, 2020 14:13:34.06 [3240:12108:0420/141334.060:ERROR:connection_factory_impl.cc(420)] Failed to connect to MCS endpoint with error -106
Apr 20, 2020 14:18:39.08 [7336:8404:0420/141839.083:ERROR:connection_factory_impl.cc(420)] Failed to connect to MCS endpoint with error -106
Apr 20, 2020 14:19:05.81 [7336:8404:0420/141905.811:ERROR:connection_factory_impl.cc(420)] Failed to connect to MCS endpoint with error -106
Apr 20, 2020 14:20:03.11 [7336:8404:0420/142003.111:ERROR:connection_factory_impl.cc(420)] Failed to connect to MCS endpoint with error -106
Apr 20, 2020 14:21:48.24 [7336:8404:0420/142148.243:ERROR:connection_factory_impl.cc(420)] Failed to connect to MCS endpoint with error -106
Apr 20, 2020 15:36:44.62 [7336:8404:0420/153644.193:ERROR:connection_factory_impl.cc(420)] Failed to connect to MCS endpoint with error -106

Apr 20, 2020 19:31:46.04 NEW SESSION
Apr 20, 2020 19:31:46.04 [12396:14072:0420/193146.037:ERROR:connection_factory_impl.cc(420)] Failed to connect to MCS endpoint with error -106
Apr 20, 2020 19:31:46.66 [12396:14072:0420/193146.038:ERROR:checkin_request.cc(223)] Failed to get checkin response. Fetcher failed. Retrying.
Apr 20, 2020 19:32:09.80 [12396:14072:0420/193209.804:ERROR:connection_factory_impl.cc(420)] Failed to connect to MCS endpoint with error -106
Apr 20, 2020 19:32:13.95 [12396:14072:0420/193213.948:ERROR:checkin_request.cc(223)] Failed to get checkin response. Fetcher failed. Retrying.
Apr 20, 2020 19:32:30.54 [12396:12700:0420/193230.542:ERROR:gcm_channel_status_request.cc(145)] GCM channel request failed.
Apr 20, 2020 19:32:50.88 [12396:12700:0420/193250.889:ERROR:gcm_channel_status_request.cc(145)] GCM channel request failed.
Apr 20, 2020 19:33:05.96 [12396:14072:0420/193305.967:ERROR:connection_factory_impl.cc(420)] Failed to connect to MCS endpoint with error -106
Apr 20, 2020 19:33:13.04 [12396:14072:0420/193313.046:ERROR:checkin_request.cc(223)] Failed to get checkin response. Fetcher failed. Retrying.
Apr 20, 2020 19:33:41.85 [12396:12700:0420/193341.852:ERROR:gcm_channel_status_request.cc(145)] GCM channel request failed.
Apr 20, 2020 19:34:41.18 [12396:14072:0420/193441.186:ERROR:connection_factory_impl.cc(420)] Failed to connect to MCS endpoint with error -106
Apr 20, 2020 19:34:56.40 [12396:14072:0420/193456.400:ERROR:checkin_request.cc(223)] Failed to get checkin response. Fetcher failed. Retrying.
Apr 20, 2020 19:35:33.20 [12396:12700:0420/193533.199:ERROR:gcm_channel_status_request.cc(145)] GCM channel request failed.
Apr 20, 2020 19:37:53.94 [12396:14072:0420/193753.946:ERROR:connection_factory_impl.cc(420)] Failed to connect to MCS endpoint with error -106
Apr 20, 2020 19:38:09.02 [12396:14072:0420/193809.024:ERROR:checkin_request.cc(223)] Failed to get checkin response. Fetcher failed. Retrying.
Apr 20, 2020 19:39:28.64 [12396:12700:0420/193928.639:ERROR:gcm_channel_status_request.cc(145)] GCM channel request failed.
Apr 20, 2020 19:44:27.47 [12396:14072:0420/194427.476:ERROR:connection_factory_impl.cc(420)] Failed to connect to MCS endpoint with error -106
Apr 20, 2020 19:45:30.54 [12396:14072:0420/194530.539:ERROR:checkin_request.cc(223)] Failed to get checkin response. Fetcher failed. Retrying.
Apr 20, 2020 19:46:15.10 [12396:12700:0420/194615.108:ERROR:gcm_channel_status_request.cc(145)] GCM channel request failed.
Apr 20, 2020 19:54:27.48 [12396:14072:0420/195427.478:ERROR:connection_factory_impl.cc(420)] Failed to connect to MCS endpoint with error -106
Apr 20, 2020 19:55:30.54 [12396:14072:0420/195530.543:ERROR:checkin_request.cc(223)] Failed to get checkin response. Fetcher failed. Retrying.
Apr 20, 2020 19:56:15.11 [12396:12700:0420/195615.113:ERROR:gcm_channel_status_request.cc(145)] GCM channel request failed.
Apr 20, 2020 20:04:27.48 [12396:14072:0420/200427.482:ERROR:connection_factory_impl.cc(420)] Failed to connect to MCS endpoint with error -106
Apr 20, 2020 20:05:30.54 [12396:14072:0420/200530.546:ERROR:checkin_request.cc(223)] Failed to get checkin response. Fetcher failed. Retrying.
Apr 20, 2020 20:06:15.12 [12396:12700:0420/200615.119:ERROR:gcm_channel_status_request.cc(145)] GCM channel request failed.
Apr 20, 2020 20:07:38.90 [7268:8980:0420/200738.905:ERROR:connection_factory_impl.cc(420)] Failed to connect to MCS endpoint with error -106
Apr 20, 2020 20:07:38.90 [7268:8980:0420/200738.905:ERROR:checkin_request.cc(223)] Failed to get checkin response. Fetcher failed. Retrying.
Apr 20, 2020 20:07:59.58 [7268:8980:0420/200759.580:ERROR:checkin_request.cc(223)] Failed to get checkin response. Fetcher failed. Retrying.
Apr 20, 2020 20:08:07.36 [7268:8980:0420/200807.362:ERROR:connection_factory_impl.cc(420)] Failed to connect to MCS endpoint with error -106
Apr 20, 2020 20:08:48.52 [7268:8980:0420/200848.527:ERROR:checkin_request.cc(223)] Failed to get checkin response. Fetcher failed. Retrying.
Apr 20, 2020 20:09:02.73 [7268:8980:0420/200902.733:ERROR:connection_factory_impl.cc(420)] Failed to connect to MCS endpoint with error -106
Apr 20, 2020 20:10:21.14 [7268:8980:0420/201021.144:ERROR:checkin_request.cc(223)] Failed to get checkin response. Fetcher failed. Retrying.
Apr 20, 2020 20:11:00.35 [7268:8980:0420/201100.352:ERROR:connection_factory_impl.cc(420)] Failed to connect to MCS endpoint with error -106
Apr 20, 2020 20:14:07.79 [7268:8980:0420/201407.791:ERROR:checkin_request.cc(223)] Failed to get checkin response. Fetcher failed. Retrying.
Apr 20, 2020 20:14:22.99 [7268:6628:0420/201422.996:ERROR:gcm_channel_status_request.cc(145)] GCM channel request failed.
Apr 20, 2020 20:14:41.01 [7268:8980:0420/201441.013:ERROR:connection_factory_impl.cc(420)] Failed to connect to MCS endpoint with error -106
Apr 20, 2020 20:14:49.14 [7268:6628:0420/201449.142:ERROR:gcm_channel_status_request.cc(145)] GCM channel request failed.
Apr 20, 2020 20:15:43.62 [7268:6628:0420/201543.625:ERROR:gcm_channel_status_request.cc(145)] GCM channel request failed.
Apr 20, 2020 20:17:30.03 [7268:6628:0420/201730.033:ERROR:gcm_channel_status_request.cc(145)] GCM channel request failed.
Apr 20, 2020 20:20:17.20 [7268:6628:0420/202017.201:ERROR:gcm_channel_status_request.cc(145)] GCM channel request failed.
Apr 20, 2020 20:20:36.02 [7268:8980:0420/202036.019:ERROR:checkin_request.cc(223)] Failed to get checkin response. Fetcher failed. Retrying.
Apr 20, 2020 20:22:08.01 [7268:8980:0420/202208.012:ERROR:connection_factory_impl.cc(420)] Failed to connect to MCS endpoint with error -106
Apr 20, 2020 20:26:33.39 [7268:6628:0420/202633.398:ERROR:gcm_channel_status_request.cc(145)] GCM channel request failed.

Apr 21, 2020 24:32:17.94 NEW SESSION
Apr 21, 2020 24:32:17.94 [13224:12392:0421/003217.936:ERROR:connection_factory_impl.cc(420)] Failed to connect to MCS endpoint with error -106
Apr 21, 2020 24:32:18.09 [13224:12392:0421/003217.939:ERROR:checkin_request.cc(223)] Failed to get checkin response. Fetcher failed. Retrying.
Apr 21, 2020 24:32:38.28 [13224:12392:0421/003238.288:ERROR:connection_factory_impl.cc(420)] Failed to connect to MCS endpoint with error -106
Apr 21, 2020 24:32:42.29 [13224:12392:0421/003242.291:ERROR:checkin_request.cc(223)] Failed to get checkin response. Fetcher failed. Retrying.
Apr 21, 2020 24:33:21.78 [13224:12392:0421/003321.783:ERROR:connection_factory_impl.cc(420)] Failed to connect to MCS endpoint with error -106
Apr 21, 2020 24:33:37.42 [13224:12392:0421/003337.422:ERROR:checkin_request.cc(223)] Failed to get checkin response. Fetcher failed. Retrying.
Apr 21, 2020 24:33:51.32 [13224:12392:0421/003351.328:ERROR:connection_factory_impl.cc(420)] Failed to connect to MCS endpoint with error -21

Apr 21, 2020 14:45:17.09 NEW SESSION
Apr 21, 2020 14:45:17.09 [2328:14076:0421/144517.094:ERROR:connection_factory_impl.cc(420)] Failed to connect to MCS endpoint with error -7

Apr 21, 2020 19:31:33.62 NEW SESSION
Apr 21, 2020 19:31:33.62 [3888:1664:0421/193133.621:ERROR:connection_factory_impl.cc(420)] Failed to connect to MCS endpoint with error -106
Apr 21, 2020 19:31:56.93 [3888:1664:0421/193156.938:ERROR:connection_factory_impl.cc(420)] Failed to connect to MCS endpoint with error -106
Apr 21, 2020 19:32:45.75 [3888:1664:0421/193245.754:ERROR:connection_factory_impl.cc(420)] Failed to connect to MCS endpoint with error -106
Apr 21, 2020 19:34:12.63 [3888:1664:0421/193412.634:ERROR:connection_factory_impl.cc(420)] Failed to connect to MCS endpoint with error -106
Apr 21, 2020 19:37:43.11 [3888:1664:0421/193743.115:ERROR:connection_factory_impl.cc(420)] Failed to connect to MCS endpoint with error -106
Apr 21, 2020 19:38:59.67 [3888:10492:0421/193859.672:ERROR:gcm_channel_status_request.cc(145)] GCM channel request failed.
Apr 21, 2020 19:39:25.03 [3888:10492:0421/193925.033:ERROR:gcm_channel_status_request.cc(145)] GCM channel request failed.
Apr 21, 2020 19:40:08.30 [3888:10492:0421/194008.301:ERROR:gcm_channel_status_request.cc(145)] GCM channel request failed.
Apr 21, 2020 19:42:07.85 [3888:10492:0421/194207.853:ERROR:gcm_channel_status_request.cc(145)] GCM channel request failed.
Apr 21, 2020 19:44:29.42 [3888:1664:0421/194429.424:ERROR:connection_factory_impl.cc(420)] Failed to connect to MCS endpoint with error -106
Apr 21, 2020 19:44:53.78 [3888:10492:0421/194453.783:ERROR:gcm_channel_status_request.cc(145)] GCM channel request failed.
Apr 21, 2020 19:51:37.94 [1740:544:0421/195137.947:ERROR:connection_factory_impl.cc(420)] Failed to connect to MCS endpoint with error -106
Apr 21, 2020 19:52:01.62 [1740:13040:0421/195201.628:ERROR:gcm_channel_status_request.cc(145)] GCM channel request failed.
Apr 21, 2020 19:52:06.83 [1740:544:0421/195206.832:ERROR:connection_factory_impl.cc(420)] Failed to connect to MCS endpoint with error -106
Apr 21, 2020 19:52:29.27 [1740:13040:0421/195229.277:ERROR:gcm_channel_status_request.cc(145)] GCM channel request failed.
Apr 21, 2020 19:52:47.88 [1740:544:0421/195247.881:ERROR:connection_factory_impl.cc(420)] Failed to connect to MCS endpoint with error -106
Apr 21, 2020 19:53:14.04 [1740:13040:0421/195314.039:ERROR:gcm_channel_status_request.cc(145)] GCM channel request failed.
Apr 21, 2020 19:54:40.51 [1740:544:0421/195440.518:ERROR:connection_factory_impl.cc(420)] Failed to connect to MCS endpoint with error -106
Apr 21, 2020 19:55:10.98 [1740:13040:0421/195510.987:ERROR:gcm_channel_status_request.cc(145)] GCM channel request failed.
Apr 21, 2020 19:57:27.21 [1740:544:0421/195727.211:ERROR:connection_factory_impl.cc(420)] Failed to connect to MCS endpoint with error -106
Apr 21, 2020 19:58:57.99 [1740:13040:0421/195857.990:ERROR:gcm_channel_status_request.cc(145)] GCM channel request failed.
Apr 21, 2020 20:01:34.93 [2372:2452:0421/200134.936:ERROR:connection_factory_impl.cc(420)] Failed to connect to MCS endpoint with error -106
Apr 21, 2020 20:02:00.85 [2372:2452:0421/200200.850:ERROR:connection_factory_impl.cc(420)] Failed to connect to MCS endpoint with error -106
Apr 21, 2020 20:02:42.15 [2372:2452:0421/200242.151:ERROR:connection_factory_impl.cc(420)] Failed to connect to MCS endpoint with error -106
Apr 21, 2020 20:04:09.77 [2372:2452:0421/200409.777:ERROR:connection_factory_impl.cc(420)] Failed to connect to MCS endpoint with error -106

Apr 23, 2020 24:05:47.68 NEW SESSION
Apr 23, 2020 24:05:47.68 [12432:9256:0423/000547.560:ERROR:browser_switcher_service.cc(238)] XXX Init()

Apr 23, 2020 13:40:22.81 NEW SESSION
Apr 23, 2020 13:40:22.82 [32:10180:0423/134022.721:ERROR:browser_switcher_service.cc(238)] XXX Init()
Apr 23, 2020 13:40:43.61 [32:3900:0423/134043.614:ERROR:connection_factory_impl.cc(420)] Failed to connect to MCS endpoint with error -106
Apr 23, 2020 13:41:10.73 [32:3900:0423/134110.730:ERROR:connection_factory_impl.cc(420)] Failed to connect to MCS endpoint with error -106
Apr 23, 2020 13:41:54.33 [32:3900:0423/134154.335:ERROR:connection_factory_impl.cc(420)] Failed to connect to MCS endpoint with error -106

Apr 23, 2020 19:52:53.74 NEW SESSION
Apr 23, 2020 19:52:53.74 [10164:9536:0423/195253.740:ERROR:browser_switcher_service.cc(238)] XXX Init()
Apr 23, 2020 19:53:04.78 [10164:8804:0423/195304.788:ERROR:connection_factory_impl.cc(420)] Failed to connect to MCS endpoint with error -106
Apr 23, 2020 19:53:25.44 [10164:8804:0423/195325.443:ERROR:connection_factory_impl.cc(420)] Failed to connect to MCS endpoint with error -106
Apr 23, 2020 19:54:23.68 [10164:8804:0423/195423.681:ERROR:connection_factory_impl.cc(420)] Failed to connect to MCS endpoint with error -106
Apr 23, 2020 20:09:26.38 [10164:8804:0423/200926.384:ERROR:socket_stream.cc(218)] Closing stream with result -2
Apr 23, 2020 20:31:31.49 [10164:8804:0423/203131.498:ERROR:connection_factory_impl.cc(420)] Failed to connect to MCS endpoint with error -105

Apr 24, 2020 24:30:09.89 NEW SESSION
Apr 24, 2020 24:30:09.89 [5328:2544:0424/003009.887:ERROR:browser_switcher_service.cc(238)] XXX Init()
Apr 24, 2020 24:30:20.45 [5328:10168:0424/003020.452:ERROR:connection_factory_impl.cc(420)] Failed to connect to MCS endpoint with error -106
Apr 24, 2020 24:30:49.65 [5328:10168:0424/003049.657:ERROR:connection_factory_impl.cc(420)] Failed to connect to MCS endpoint with error -106
Apr 24, 2020 24:31:34.54 [5328:10168:0424/003134.544:ERROR:connection_factory_impl.cc(420)] Failed to connect to MCS endpoint with error -106
Apr 24, 2020 24:33:13.70 [5328:10168:0424/003313.707:ERROR:connection_factory_impl.cc(420)] Failed to connect to MCS endpoint with error -106
Apr 24, 2020 24:37:11.48 [5328:10168:0424/003711.485:ERROR:connection_factory_impl.cc(420)] Failed to connect to MCS endpoint with error -106
Apr 24, 2020 24:43:04.46 [5328:10168:0424/004304.469:ERROR:socket_stream.cc(218)] Closing stream with result -2
Apr 24, 2020 24:48:45.47 [5328:10168:0424/004845.474:ERROR:socket_stream.cc(218)] Closing stream with result -2

Apr 24, 2020 17:44:36.21 NEW SESSION
Apr 24, 2020 17:44:36.21 [11976:11508:0424/174436.205:ERROR:browser_switcher_service.cc(238)] XXX Init()

Apr 24, 2020 23:55:43.29 NEW SESSION
Apr 24, 2020 23:55:43.29 [8352:13404:0424/235542.709:ERROR:browser_switcher_service.cc(238)] XXX Init()

Apr 25, 2020 18:27:54.25 NEW SESSION
Apr 25, 2020 18:27:54.25 [14632:11416:0425/182753.910:ERROR:browser_switcher_service.cc(238)] XXX Init()
Apr 25, 2020 18:40:16.59 [13020:3996:0425/184016.599:ERROR:browser_switcher_service.cc(238)] XXX Init()
Apr 25, 2020 19:48:20.10 [2092:5616:0425/194820.107:ERROR:browser_switcher_service.cc(238)] XXX Init()
Apr 25, 2020 20:17:30.46 [9168:11096:0425/201729.867:ERROR:browser_switcher_service.cc(238)] XXX Init()

Apr 25, 2020 23:40:28.49 NEW SESSION
Apr 25, 2020 23:40:28.49 [11708:15276:0425/234028.287:ERROR:browser_switcher_service.cc(238)] XXX Init()
Apr 25, 2020 23:40:51.50 [11708:11440:0425/234051.499:ERROR:connection_factory_impl.cc(420)] Failed to connect to MCS endpoint with error -106
Apr 25, 2020 23:41:13.12 [11708:11440:0425/234113.127:ERROR:connection_factory_impl.cc(420)] Failed to connect to MCS endpoint with error -106
Apr 25, 2020 23:42:07.27 [11708:11440:0425/234207.277:ERROR:connection_factory_impl.cc(420)] Failed to connect to MCS endpoint with error -106
Apr 25, 2020 23:44:04.52 [11708:11440:0425/234404.528:ERROR:connection_factory_impl.cc(420)] Failed to connect to MCS endpoint with error -106
Apr 25, 2020 23:47:50.66 [11708:11440:0425/234750.666:ERROR:connection_factory_impl.cc(420)] Failed to connect to MCS endpoint with error -106
Apr 25, 2020 23:54:50.80 [11708:11440:0425/235450.800:ERROR:connection_factory_impl.cc(420)] Failed to connect to MCS endpoint with error -106
Apr 26, 2020 24:01:57.29 [13372:5284:0426/000157.299:ERROR:browser_switcher_service.cc(238)] XXX Init()
Apr 26, 2020 24:02:06.23 [13372:12048:0426/000206.234:ERROR:connection_factory_impl.cc(420)] Failed to connect to MCS endpoint with error -106
Apr 26, 2020 24:02:29.53 [13372:12048:0426/000229.530:ERROR:connection_factory_impl.cc(420)] Failed to connect to MCS endpoint with error -106
Apr 26, 2020 24:03:25.15 [13372:12048:0426/000325.158:ERROR:connection_factory_impl.cc(420)] Failed to connect to MCS endpoint with error -106
Apr 26, 2020 24:05:19.82 [13372:12048:0426/000519.826:ERROR:connection_factory_impl.cc(420)] Failed to connect to MCS endpoint with error -106
Apr 26, 2020 24:09:07.31 [13372:12048:0426/000907.311:ERROR:connection_factory_impl.cc(420)] Failed to connect to MCS endpoint with error -106
Apr 26, 2020 24:16:22.55 [13372:12048:0426/001622.549:ERROR:connection_factory_impl.cc(420)] Failed to connect to MCS endpoint with error -106
Apr 26, 2020 24:26:22.55 [13372:12048:0426/002622.554:ERROR:connection_factory_impl.cc(420)] Failed to connect to MCS endpoint with error -106
Apr 26, 2020 24:36:22.55 [13372:12048:0426/003622.557:ERROR:connection_factory_impl.cc(420)] Failed to connect to MCS endpoint with error -106
Apr 26, 2020 24:37:43.28 [6484:6112:0426/003743.283:ERROR:browser_switcher_service.cc(238)] XXX Init()
Apr 26, 2020 24:37:50.65 [6484:2280:0426/003750.652:ERROR:connection_factory_impl.cc(420)] Failed to connect to MCS endpoint with error -106
Apr 26, 2020 24:38:17.26 [6484:2280:0426/003817.260:ERROR:connection_factory_impl.cc(420)] Failed to connect to MCS endpoint with error -106
Apr 26, 2020 24:39:15.42 [6484:2280:0426/003915.427:ERROR:connection_factory_impl.cc(420)] Failed to connect to MCS endpoint with error -106
Apr 26, 2020 24:40:38.47 [6484:2280:0426/004038.477:ERROR:connection_factory_impl.cc(420)] Failed to connect to MCS endpoint with error -106
Apr 26, 2020 24:43:46.53 [6484:2280:0426/004346.534:ERROR:connection_factory_impl.cc(420)] Failed to connect to MCS endpoint with error -106
Apr 26, 2020 24:51:03.97 [6484:2280:0426/005103.974:ERROR:connection_factory_impl.cc(420)] Failed to connect to MCS endpoint with error -106
Apr 26, 2020 24:51:26.55 [6484:6112:0426/005126.554:ERROR:account_info_fetcher.cc(60)] OnGetTokenFailure: Connection failed (-106).
Apr 26, 2020 01:01:03.97 [6484:2280:0426/010103.977:ERROR:connection_factory_impl.cc(420)] Failed to connect to MCS endpoint with error -106

Apr 27, 2020 17:39:55.07 NEW SESSION
Apr 27, 2020 17:39:55.07 [14696:3904:0427/173955.069:ERROR:browser_switcher_service.cc(238)] XXX Init()

Apr 27, 2020 20:10:52.34 NEW SESSION
Apr 27, 2020 20:10:53.88 [13212:3124:0427/201052.168:ERROR:cache_util_win.cc(21)] Unable to move the cache: Access is denied. (0x5)
Apr 27, 2020 20:10:54.44 Opening in existing browser session.
Apr 27, 2020 20:10:54.44 [13212:3124:0427/201052.170:ERROR:cache_util.cc(138)] Unable to move cache folder C:\Users\admin\AppData\Local\Google\Chrome\User Data\ShaderCache\GPUCache to C:\Users\admin\AppData\Local\Google\Chrome\User Data\ShaderCache\old_GPUCache_000
Apr 27, 2020 20:10:54.44 [13212:3124:0427/201052.170:ERROR:disk_cache.cc(184)] Unable to create cache
Apr 27, 2020 20:10:54.45 [13212:3124:0427/201052.170:ERROR:shader_disk_cache.cc(606)] Shader Cache Creation failed: -2
Apr 27, 2020 20:10:54.45 [13212:5212:0427/201052.507:ERROR:browser_switcher_service.cc(238)] XXX Init()

Apr 30, 2020 24:21:27.55 NEW SESSION
Apr 30, 2020 24:21:27.55 [8848:7756:0430/002127.414:ERROR:browser_switcher_service.cc(238)] XXX Init()
Apr 30, 2020 24:25:26.88 [1196:6188:0430/002526.882:ERROR:browser_switcher_service.cc(238)] XXX Init()

Apr 30, 2020 19:09:54.78 NEW SESSION
Apr 30, 2020 19:09:54.79 [14260:576:0430/190954.144:ERROR:browser_switcher_service.cc(238)] XXX Init()
Apr 30, 2020 19:14:17.24 [1960:10336:0430/191417.244:ERROR:browser_switcher_service.cc(238)] XXX Init()
Apr 30, 2020 20:23:42.50 [1960:12892:0430/202341.517:ERROR:connection_factory_impl.cc(420)] Failed to connect to MCS endpoint with error -106
Apr 30, 2020 20:24:07.86 [1960:12892:0430/202407.861:ERROR:connection_factory_impl.cc(420)] Failed to connect to MCS endpoint with error -106
Apr 30, 2020 20:24:58.63 [1960:12892:0430/202458.633:ERROR:connection_factory_impl.cc(420)] Failed to connect to MCS endpoint with error -106

Aug 09, 2020 19:59:13.39 NEW SESSION
Aug 09, 2020 19:59:13.39 [10364:10872:0809/195912.736:ERROR:browser_switcher_service.cc(238)] XXX Init()
Aug 09, 2020 19:59:28.40 [10364:10360:0809/195928.400:ERROR:checkin_request.cc(223)] Failed to get checkin response. Fetcher failed. Retrying.
Aug 09, 2020 19:59:28.40 [10364:10360:0809/195928.400:ERROR:connection_factory_impl.cc(420)] Failed to connect to MCS endpoint with error -106
Aug 09, 2020 19:59:28.40 [10364:10360:0809/195928.400:ERROR:registration_request.cc(245)] Registration URL fetching failed.
Aug 09, 2020 19:59:28.40 [10364:10360:0809/195928.400:ERROR:registration_request.cc(245)] Registration URL fetching failed.
Aug 09, 2020 19:59:28.40 [10364:10360:0809/195928.400:ERROR:registration_request.cc(245)] Registration URL fetching failed.
Aug 09, 2020 19:59:28.40 [10364:10360:0809/195928.400:ERROR:registration_request.cc(245)] Registration URL fetching failed.
Aug 09, 2020 19:59:48.60 [10364:10360:0809/195948.605:ERROR:connection_factory_impl.cc(420)] Failed to connect to MCS endpoint with error -106
Aug 09, 2020 19:59:49.50 [10364:10360:0809/195949.502:ERROR:registration_request.cc(245)] Registration URL fetching failed.
Aug 09, 2020 19:59:49.86 [10364:10872:0809/195949.863:ERROR:account_info_fetcher.cc(60)] OnGetTokenFailure: Connection failed (-106).
Aug 09, 2020 19:59:54.31 [10364:10360:0809/195954.313:ERROR:checkin_request.cc(223)] Failed to get checkin response. Fetcher failed. Retrying.
Aug 09, 2020 19:59:54.90 [10364:10360:0809/195954.900:ERROR:registration_request.cc(245)] Registration URL fetching failed.
Aug 09, 2020 19:59:55.13 [10364:10360:0809/195955.133:ERROR:registration_request.cc(245)] Registration URL fetching failed.
Aug 09, 2020 19:59:56.88 [10364:10360:0809/195956.882:ERROR:registration_request.cc(245)] Registration URL fetching failed.

Jun 21, 2021 20:07:00.09 NEW SESSION
Jun 21, 2021 20:07:00.10 [13964:11792:0621/200659.946:ERROR:cache_util_win.cc(21)] Unable to move the cache: Access is denied. (0x5)
Jun 21, 2021 20:07:00.27 [13964:11792:0621/200700.090:ERROR:cache_util.cc(139)] Unable to move cache folder C:\Users\admin\AppData\Local\Google\Chrome\User Data\ShaderCache\GPUCache to C:\Users\admin\AppData\Local\Google\Chrome\User Data\ShaderCache\old_GPUCache_000
Jun 21, 2021 20:07:00.44 [13964:11792:0621/200700.090:ERROR:disk_cache.cc(184)] Unable to create cache
Jun 21, 2021 20:07:00.44 [13964:11792:0621/200700.090:ERROR:shader_disk_cache.cc(606)] Shader Cache Creation failed: -2

Oct 16, 2021 14:49:21.93 NEW SESSION
Oct 16, 2021 14:49:21.93 [8284:13484:1016/144921.576:ERROR:network_service_instance_impl.cc(333)] Network service crashed, restarting service.
Oct 16, 2021 14:49:23.38 [8284:7472:1016/144923.380:ERROR:chrome_browser_main_extra_parts_metrics.cc(228)] crbug.com/1216328: Checking Bluetooth availability started. Please report if there is no report that this ends.
Oct 16, 2021 14:49:23.38 [8284:7472:1016/144923.381:ERROR:chrome_browser_main_extra_parts_metrics.cc(231)] crbug.com/1216328: Checking Bluetooth availability ended.
Oct 16, 2021 14:49:23.38 [8284:7472:1016/144923.381:ERROR:chrome_browser_main_extra_parts_metrics.cc(234)] crbug.com/1216328: Checking default browser status started. Please report if there is no report that this ends.
Oct 16, 2021 14:49:23.39 [8284:7472:1016/144923.391:ERROR:chrome_browser_main_extra_parts_metrics.cc(238)] crbug.com/1216328: Checking default browser status ended.
Oct 16, 2021 14:49:24.78 [8284:13484:1016/144924.780:ERROR:device_event_log_impl.cc(214)] [14:49:24.780] USB: usb_device_handle_win.cc:1048 Failed to read descriptor from node connection: A device attached to the system is not functioning. (0x1F)
Oct 16, 2021 14:49:24.79 [8284:13484:1016/144924.788:ERROR:device_event_log_impl.cc(214)] [14:49:24.788] USB: usb_device_handle_win.cc:1048 Failed to read descriptor from node connection: A device attached to the system is not functioning. (0x1F)
Oct 16, 2021 14:55:43.54 [13680:10748:1016/145543.546:ERROR:device_event_log_impl.cc(214)] [14:55:43.546] USB: usb_device_handle_win.cc:1048 Failed to read descriptor from node connection: A device attached to the system is not functioning. (0x1F)
Oct 16, 2021 14:55:43.73 [13680:10748:1016/145543.549:ERROR:device_event_log_impl.cc(214)] [14:55:43.550] USB: usb_device_handle_win.cc:1048 Failed to read descriptor from node connection: A device attached to the system is not functioning. (0x1F)
Oct 16, 2021 14:55:43.73 [13680:14376:1016/145543.552:ERROR:chrome_browser_main_extra_parts_metrics.cc(228)] crbug.com/1216328: Checking Bluetooth availability started. Please report if there is no report that this ends.
Oct 16, 2021 14:55:43.73 [13680:14376:1016/145543.552:ERROR:chrome_browser_main_extra_parts_metrics.cc(231)] crbug.com/1216328: Checking Bluetooth availability ended.
Oct 16, 2021 14:55:43.73 [13680:14376:1016/145543.552:ERROR:chrome_browser_main_extra_parts_metrics.cc(234)] crbug.com/1216328: Checking default browser status started. Please report if there is no report that this ends.
Oct 16, 2021 14:55:43.73 [13680:14376:1016/145543.559:ERROR:chrome_browser_main_extra_parts_metrics.cc(238)] crbug.com/1216328: Checking default browser status ended.
Oct 16, 2021 15:13:19.01 [3528:15048:1016/151319.012:ERROR:device_event_log_impl.cc(214)] [15:13:19.013] USB: usb_device_handle_win.cc:1048 Failed to read descriptor from node connection: A device attached to the system is not functioning. (0x1F)
Oct 16, 2021 15:13:19.18 [3528:15048:1016/151319.014:ERROR:device_event_log_impl.cc(214)] [15:13:19.014] USB: usb_device_handle_win.cc:1048 Failed to read descriptor from node connection: A device attached to the system is not functioning. (0x1F)
Oct 16, 2021 15:13:19.18 [3528:12084:1016/151319.023:ERROR:chrome_browser_main_extra_parts_metrics.cc(228)] crbug.com/1216328: Checking Bluetooth availability started. Please report if there is no report that this ends.
Oct 16, 2021 15:13:19.18 [3528:12084:1016/151319.023:ERROR:chrome_browser_main_extra_parts_metrics.cc(231)] crbug.com/1216328: Checking Bluetooth availability ended.
Oct 16, 2021 15:13:19.18 [3528:12084:1016/151319.023:ERROR:chrome_browser_main_extra_parts_metrics.cc(234)] crbug.com/1216328: Checking default browser status started. Please report if there is no report that this ends.
Oct 16, 2021 15:13:19.18 [3528:12084:1016/151319.026:ERROR:chrome_browser_main_extra_parts_metrics.cc(238)] crbug.com/1216328: Checking default browser status ended.

Dec 16, 2021 18:26:42.55 NEW SESSION
Dec 16, 2021 18:26:42.55 [1344:6576:1216/182642.555:ERROR:network_service_instance_impl.cc(916)] Network service crashed, restarting service.
Dec 16, 2021 18:26:43.70 [1344:8216:1216/182643.700:ERROR:chrome_browser_main_extra_parts_metrics.cc(226)] crbug.com/1216328: Checking Bluetooth availability started. Please report if there is no report that this ends.
Dec 16, 2021 18:26:43.77 [1344:8216:1216/182643.770:ERROR:chrome_browser_main_extra_parts_metrics.cc(229)] crbug.com/1216328: Checking Bluetooth availability ended.
Dec 16, 2021 18:26:43.77 [1344:8216:1216/182643.771:ERROR:chrome_browser_main_extra_parts_metrics.cc(232)] crbug.com/1216328: Checking default browser status started. Please report if there is no report that this ends.
Dec 16, 2021 18:26:43.77 [1344:8216:1216/182643.773:ERROR:chrome_browser_main_extra_parts_metrics.cc(236)] crbug.com/1216328: Checking default browser status ended.
Dec 16, 2021 18:26:43.83 [1344:6576:1216/182643.838:ERROR:device_event_log_impl.cc(214)] [18:26:43.838] USB: usb_device_handle_win.cc:1048 Failed to read descriptor from node connection: A device attached to the system is not functioning. (0x1F)
Dec 16, 2021 18:26:43.96 [1344:6576:1216/182643.962:ERROR:device_event_log_impl.cc(214)] [18:26:43.962] USB: usb_device_handle_win.cc:1048 Failed to read descriptor from node connection: A device attached to the system is not functioning. (0x1F)
Dec 16, 2021 19:10:28.21 [1344:6576:1216/191025.848:ERROR:device_event_log_impl.cc(214)] [19:10:25.847] USB: usb_service_win.cc:261 Failed to get device driver name: Element not found. (0x490)
Dec 16, 2021 19:37:39.21 [7588:7764:1216/193739.208:ERROR:network_service_instance_impl.cc(916)] Network service crashed, restarting service.
Dec 16, 2021 19:37:41.02 [7588:12644:1216/193741.028:ERROR:chrome_browser_main_extra_parts_metrics.cc(226)] crbug.com/1216328: Checking Bluetooth availability started. Please report if there is no report that this ends.
Dec 16, 2021 19:37:41.56 [7588:7764:1216/193741.569:ERROR:device_event_log_impl.cc(214)] [19:37:41.569] USB: usb_device_handle_win.cc:1048 Failed to read descriptor from node connection: A device attached to the system is not functioning. (0x1F)
Dec 16, 2021 19:37:41.61 [7588:7764:1216/193741.613:ERROR:device_event_log_impl.cc(214)] [19:37:41.613] USB: usb_device_handle_win.cc:1048 Failed to read descriptor from node connection: A device attached to the system is not functioning. (0x1F)
Dec 16, 2021 19:37:43.22 [7588:12644:1216/193743.221:ERROR:chrome_browser_main_extra_parts_metrics.cc(229)] crbug.com/1216328: Checking Bluetooth availability ended.
Dec 16, 2021 19:37:43.22 [7588:12644:1216/193743.221:ERROR:chrome_browser_main_extra_parts_metrics.cc(232)] crbug.com/1216328: Checking default browser status started. Please report if there is no report that this ends.
Dec 16, 2021 19:37:43.22 [7588:12644:1216/193743.223:ERROR:chrome_browser_main_extra_parts_metrics.cc(236)] crbug.com/1216328: Checking default browser status ended.

Dec 20, 2021 19:23:01.15 NEW SESSION
Dec 20, 2021 19:23:01.15 [2976:6304:1220/192300.784:ERROR:network_service_instance_impl.cc(916)] Network service crashed, restarting service.
Dec 20, 2021 19:23:02.19 [2976:9916:1220/192302.191:ERROR:chrome_browser_main_extra_parts_metrics.cc(226)] crbug.com/1216328: Checking Bluetooth availability started. Please report if there is no report that this ends.
Dec 20, 2021 19:23:02.42 [2976:6304:1220/192302.421:ERROR:device_event_log_impl.cc(214)] [19:23:02.421] USB: usb_device_handle_win.cc:1048 Failed to read descriptor from node connection: A device attached to the system is not functioning. (0x1F)
Dec 20, 2021 19:23:02.44 [2976:6304:1220/192302.438:ERROR:device_event_log_impl.cc(214)] [19:23:02.438] USB: usb_device_handle_win.cc:1048 Failed to read descriptor from node connection: A device attached to the system is not functioning. (0x1F)
Dec 20, 2021 19:23:04.22 [2976:9916:1220/192304.222:ERROR:chrome_browser_main_extra_parts_metrics.cc(229)] crbug.com/1216328: Checking Bluetooth availability ended.
Dec 20, 2021 19:23:04.22 [2976:9916:1220/192304.222:ERROR:chrome_browser_main_extra_parts_metrics.cc(232)] crbug.com/1216328: Checking default browser status started. Please report if there is no report that this ends.
Dec 20, 2021 19:23:04.23 [2976:9916:1220/192304.229:ERROR:chrome_browser_main_extra_parts_metrics.cc(236)] crbug.com/1216328: Checking default browser status ended.
Dec 20, 2021 19:29:26.31 [872:6944:1220/192926.307:ERROR:network_service_instance_impl.cc(916)] Network service crashed, restarting service.
Dec 20, 2021 19:29:27.00 [872:13164:1220/192927.002:ERROR:chrome_browser_main_extra_parts_metrics.cc(226)] crbug.com/1216328: Checking Bluetooth availability started. Please report if there is no report that this ends.
Dec 20, 2021 19:29:27.31 [872:13164:1220/192927.310:ERROR:chrome_browser_main_extra_parts_metrics.cc(229)] crbug.com/1216328: Checking Bluetooth availability ended.
Dec 20, 2021 19:29:27.31 [872:13164:1220/192927.310:ERROR:chrome_browser_main_extra_parts_metrics.cc(232)] crbug.com/1216328: Checking default browser status started. Please report if there is no report that this ends.
Dec 20, 2021 19:29:27.31 [872:13164:1220/192927.318:ERROR:chrome_browser_main_extra_parts_metrics.cc(236)] crbug.com/1216328: Checking default browser status ended.
Dec 20, 2021 19:29:28.84 [872:6944:1220/192928.843:ERROR:device_event_log_impl.cc(214)] [19:29:28.842] USB: usb_device_handle_win.cc:1048 Failed to read descriptor from node connection: A device attached to the system is not functioning. (0x1F)
Dec 20, 2021 19:29:28.84 [872:6944:1220/192928.844:ERROR:device_event_log_impl.cc(214)] [19:29:28.843] USB: usb_device_handle_win.cc:1048 Failed to read descriptor from node connection: A device attached to the system is not functioning. (0x1F)
Dec 20, 2021 19:34:14.39 [6252:5696:1220/193414.391:ERROR:chrome_browser_main_extra_parts_metrics.cc(226)] crbug.com/1216328: Checking Bluetooth availability started. Please report if there is no report that this ends.
Dec 20, 2021 19:34:14.76 [6252:5408:1220/193414.736:ERROR:device_event_log_impl.cc(214)] [19:34:14.736] USB: usb_device_handle_win.cc:1048 Failed to read descriptor from node connection: A device attached to the system is not functioning. (0x1F)
Dec 20, 2021 19:34:14.77 [6252:5408:1220/193414.738:ERROR:device_event_log_impl.cc(214)] [19:34:14.738] USB: usb_device_handle_win.cc:1048 Failed to read descriptor from node connection: A device attached to the system is not functioning. (0x1F)
Dec 20, 2021 19:34:16.02 [6252:5696:1220/193416.024:ERROR:chrome_browser_main_extra_parts_metrics.cc(229)] crbug.com/1216328: Checking Bluetooth availability ended.
Dec 20, 2021 19:34:16.02 [6252:5696:1220/193416.025:ERROR:chrome_browser_main_extra_parts_metrics.cc(232)] crbug.com/1216328: Checking default browser status started. Please report if there is no report that this ends.
Dec 20, 2021 19:34:16.02 [6252:5696:1220/193416.027:ERROR:chrome_browser_main_extra_parts_metrics.cc(236)] crbug.com/1216328: Checking default browser status ended.

Dec 20, 2021 19:44:19.32 NEW SESSION
Dec 20, 2021 19:44:19.32 [5108:4708:1220/194418.856:ERROR:chrome_browser_main_extra_parts_metrics.cc(226)] crbug.com/1216328: Checking Bluetooth availability started. Please report if there is no report that this ends.
Dec 20, 2021 19:44:19.35 [5108:7720:1220/194419.271:ERROR:device_event_log_impl.cc(214)] [19:44:19.271] USB: usb_device_handle_win.cc:1048 Failed to read descriptor from node connection: A device attached to the system is not functioning. (0x1F)
Dec 20, 2021 19:44:19.36 [5108:7720:1220/194419.317:ERROR:device_event_log_impl.cc(214)] [19:44:19.317] USB: usb_device_handle_win.cc:1048 Failed to read descriptor from node connection: A device attached to the system is not functioning. (0x1F)
Dec 20, 2021 19:44:19.39 [5108:4708:1220/194419.393:ERROR:chrome_browser_main_extra_parts_metrics.cc(229)] crbug.com/1216328: Checking Bluetooth availability ended.
Dec 20, 2021 19:44:19.39 [5108:4708:1220/194419.393:ERROR:chrome_browser_main_extra_parts_metrics.cc(232)] crbug.com/1216328: Checking default browser status started. Please report if there is no report that this ends.
Dec 20, 2021 19:44:19.39 [5108:4708:1220/194419.397:ERROR:chrome_browser_main_extra_parts_metrics.cc(236)] crbug.com/1216328: Checking default browser status ended.

Jan 04, 2022 18:17:09.44 NEW SESSION
Jan 04, 2022 18:17:09.44 [9816:10544:0104/181708.397:ERROR:chrome_browser_main_extra_parts_metrics.cc(226)] crbug.com/1216328: Checking Bluetooth availability started. Please report if there is no report that this ends.
Jan 04, 2022 18:17:09.59 [9816:10544:0104/181709.443:ERROR:chrome_browser_main_extra_parts_metrics.cc(229)] crbug.com/1216328: Checking Bluetooth availability ended.
Jan 04, 2022 18:17:09.59 [9816:10544:0104/181709.443:ERROR:chrome_browser_main_extra_parts_metrics.cc(232)] crbug.com/1216328: Checking default browser status started. Please report if there is no report that this ends.
Jan 04, 2022 18:17:09.60 [9816:10544:0104/181709.451:ERROR:chrome_browser_main_extra_parts_metrics.cc(236)] crbug.com/1216328: Checking default browser status ended.
Jan 04, 2022 18:17:16.51 [9816:7640:0104/181716.510:ERROR:device_event_log_impl.cc(214)] [18:17:16.510] USB: usb_device_handle_win.cc:1048 Failed to read descriptor from node connection: A device attached to the system is not functioning. (0x1F)
Jan 04, 2022 18:17:16.62 [9816:7640:0104/181716.621:ERROR:device_event_log_impl.cc(214)] [18:17:16.621] USB: usb_device_handle_win.cc:1048 Failed to read descriptor from node connection: A device attached to the system is not functioning. (0x1F)
Jan 04, 2022 18:31:38.45 [2776:13360:0104/183138.454:ERROR:device_event_log_impl.cc(214)] [18:31:38.453] USB: usb_device_handle_win.cc:1048 Failed to read descriptor from node connection: A device attached to the system is not functioning. (0x1F)
Jan 04, 2022 18:31:38.45 [2776:13360:0104/183138.456:ERROR:device_event_log_impl.cc(214)] [18:31:38.455] USB: usb_device_handle_win.cc:1048 Failed to read descriptor from node connection: A device attached to the system is not functioning. (0x1F)
Jan 04, 2022 18:31:38.46 [2776:6532:0104/183138.459:ERROR:chrome_browser_main_extra_parts_metrics.cc(226)] crbug.com/1216328: Checking Bluetooth availability started. Please report if there is no report that this ends.
Jan 04, 2022 18:31:38.46 [2776:6532:0104/183138.459:ERROR:chrome_browser_main_extra_parts_metrics.cc(229)] crbug.com/1216328: Checking Bluetooth availability ended.
Jan 04, 2022 18:31:38.46 [2776:6532:0104/183138.459:ERROR:chrome_browser_main_extra_parts_metrics.cc(232)] crbug.com/1216328: Checking default browser status started. Please report if there is no report that this ends.
Jan 04, 2022 18:31:38.47 [2776:6532:0104/183138.471:ERROR:chrome_browser_main_extra_parts_metrics.cc(236)] crbug.com/1216328: Checking default browser status ended.
Jan 04, 2022 18:52:08.20 [2964:8356:0104/185208.206:ERROR:device_event_log_impl.cc(214)] [18:52:08.207] USB: usb_device_handle_win.cc:1048 Failed to read descriptor from node connection: A device attached to the system is not functioning. (0x1F)
Jan 04, 2022 18:52:08.21 [2964:8356:0104/185208.210:ERROR:device_event_log_impl.cc(214)] [18:52:08.211] USB: usb_device_handle_win.cc:1048 Failed to read descriptor from node connection: A device attached to the system is not functioning. (0x1F)
Jan 04, 2022 18:52:08.21 [2964:3828:0104/185208.214:ERROR:chrome_browser_main_extra_parts_metrics.cc(226)] crbug.com/1216328: Checking Bluetooth availability started. Please report if there is no report that this ends.
Jan 04, 2022 18:52:08.21 [2964:3828:0104/185208.214:ERROR:chrome_browser_main_extra_parts_metrics.cc(229)] crbug.com/1216328: Checking Bluetooth availability ended.
Jan 04, 2022 18:52:08.21 [2964:3828:0104/185208.214:ERROR:chrome_browser_main_extra_parts_metrics.cc(232)] crbug.com/1216328: Checking default browser status started. Please report if there is no report that this ends.
Jan 04, 2022 18:52:08.27 [2964:3828:0104/185208.274:ERROR:chrome_browser_main_extra_parts_metrics.cc(236)] crbug.com/1216328: Checking default browser status ended.

Jan 05, 2022 17:56:15.41 NEW SESSION
Jan 05, 2022 17:56:15.41 [5500:2948:0105/175615.403:ERROR:device_event_log_impl.cc(214)] [17:56:15.402] USB: usb_device_handle_win.cc:1048 Failed to read descriptor from node connection: A device attached to the system is not functioning. (0x1F)
Jan 05, 2022 17:56:15.46 [5500:2948:0105/175615.406:ERROR:device_event_log_impl.cc(214)] [17:56:15.406] USB: usb_device_handle_win.cc:1048 Failed to read descriptor from node connection: A device attached to the system is not functioning. (0x1F)
Jan 05, 2022 17:56:15.46 [5500:4468:0105/175615.419:ERROR:chrome_browser_main_extra_parts_metrics.cc(226)] crbug.com/1216328: Checking Bluetooth availability started. Please report if there is no report that this ends.
Jan 05, 2022 17:56:15.46 [5500:4468:0105/175615.419:ERROR:chrome_browser_main_extra_parts_metrics.cc(229)] crbug.com/1216328: Checking Bluetooth availability ended.
Jan 05, 2022 17:56:15.46 [5500:4468:0105/175615.420:ERROR:chrome_browser_main_extra_parts_metrics.cc(232)] crbug.com/1216328: Checking default browser status started. Please report if there is no report that this ends.
Jan 05, 2022 17:56:15.46 [5500:4468:0105/175615.435:ERROR:chrome_browser_main_extra_parts_metrics.cc(236)] crbug.com/1216328: Checking default browser status ended.

Jan 05, 2022 18:03:50.12 NEW SESSION
Jan 05, 2022 18:03:50.12 [3244:460:0105/180348.058:ERROR:chrome_browser_main_extra_parts_metrics.cc(226)] crbug.com/1216328: Checking Bluetooth availability started. Please report if there is no report that this ends.
Jan 05, 2022 18:03:50.13 [3244:11496:0105/180349.193:ERROR:device_event_log_impl.cc(214)] [18:03:49.194] USB: usb_device_handle_win.cc:1048 Failed to read descriptor from node connection: A device attached to the system is not functioning. (0x1F)
Jan 05, 2022 18:03:50.13 [3244:11496:0105/180349.577:ERROR:device_event_log_impl.cc(214)] [18:03:49.577] USB: usb_device_handle_win.cc:1048 Failed to read descriptor from node connection: A device attached to the system is not functioning. (0x1F)
Jan 05, 2022 18:03:51.07 [3244:460:0105/180351.072:ERROR:chrome_browser_main_extra_parts_metrics.cc(229)] crbug.com/1216328: Checking Bluetooth availability ended.
Jan 05, 2022 18:03:51.07 [3244:460:0105/180351.072:ERROR:chrome_browser_main_extra_parts_metrics.cc(232)] crbug.com/1216328: Checking default browser status started. Please report if there is no report that this ends.
Jan 05, 2022 18:03:51.07 [3244:460:0105/180351.078:ERROR:chrome_browser_main_extra_parts_metrics.cc(236)] crbug.com/1216328: Checking default browser status ended.

Jan 06, 2022 18:39:43.99 NEW SESSION
Jan 06, 2022 18:39:43.99 [6404:7716:0106/183943.991:ERROR:chrome_browser_main_extra_parts_metrics.cc(226)] crbug.com/1216328: Checking Bluetooth availability started. Please report if there is no report that this ends.
Jan 06, 2022 18:39:44.35 [6404:11008:0106/183944.218:ERROR:device_event_log_impl.cc(214)] [18:39:44.218] USB: usb_device_handle_win.cc:1048 Failed to read descriptor from node connection: A device attached to the system is not functioning. (0x1F)
Jan 06, 2022 18:39:44.35 [6404:11008:0106/183944.219:ERROR:device_event_log_impl.cc(214)] [18:39:44.219] USB: usb_device_handle_win.cc:1048 Failed to read descriptor from node connection: A device attached to the system is not functioning. (0x1F)
Jan 06, 2022 18:39:44.74 [6404:7716:0106/183944.748:ERROR:chrome_browser_main_extra_parts_metrics.cc(229)] crbug.com/1216328: Checking Bluetooth availability ended.
Jan 06, 2022 18:39:44.75 [6404:7716:0106/183944.749:ERROR:chrome_browser_main_extra_parts_metrics.cc(232)] crbug.com/1216328: Checking default browser status started. Please report if there is no report that this ends.
Jan 06, 2022 18:39:44.75 [6404:7716:0106/183944.753:ERROR:chrome_browser_main_extra_parts_metrics.cc(236)] crbug.com/1216328: Checking default browser status ended.
Jan 06, 2022 18:56:53.95 [6404:11008:0106/185653.957:ERROR:device_event_log_impl.cc(214)] [18:56:53.957] USB: usb_service_win.cc:261 Failed to get device driver name: Element not found. (0x490)

Jan 07, 2022 18:50:36.15 NEW SESSION
Jan 07, 2022 18:50:36.16 [9592:12188:0107/185036.156:ERROR:chrome_browser_main_extra_parts_metrics.cc(226)] crbug.com/1216328: Checking Bluetooth availability started. Please report if there is no report that this ends.
Jan 07, 2022 18:50:36.43 [9592:12188:0107/185036.156:ERROR:chrome_browser_main_extra_parts_metrics.cc(229)] crbug.com/1216328: Checking Bluetooth availability ended.
Jan 07, 2022 18:50:36.43 [9592:12188:0107/185036.156:ERROR:chrome_browser_main_extra_parts_metrics.cc(232)] crbug.com/1216328: Checking default browser status started. Please report if there is no report that this ends.
Jan 07, 2022 18:50:36.43 [9592:12188:0107/185036.159:ERROR:chrome_browser_main_extra_parts_metrics.cc(236)] crbug.com/1216328: Checking default browser status ended.
Jan 07, 2022 18:50:36.44 [9592:6944:0107/185036.178:ERROR:device_event_log_impl.cc(214)] [18:50:36.178] USB: usb_device_handle_win.cc:1048 Failed to read descriptor from node connection: A device attached to the system is not functioning. (0x1F)
Jan 07, 2022 18:50:36.44 [9592:6944:0107/185036.178:ERROR:device_event_log_impl.cc(214)] [18:50:36.178] USB: usb_device_handle_win.cc:1048 Failed to read descriptor from node connection: A device attached to the system is not functioning. (0x1F)
Jan 07, 2022 19:11:46.80 [5588:8308:0107/191146.801:ERROR:device_event_log_impl.cc(214)] [19:11:46.802] USB: usb_device_handle_win.cc:1048 Failed to read descriptor from node connection: A device attached to the system is not functioning. (0x1F)
Jan 07, 2022 19:11:47.16 [5588:8308:0107/191146.801:ERROR:device_event_log_impl.cc(214)] [19:11:46.803] USB: usb_device_handle_win.cc:1048 Failed to read descriptor from node connection: A device attached to the system is not functioning. (0x1F)
Jan 07, 2022 19:11:47.16 [5588:11904:0107/191146.805:ERROR:chrome_browser_main_extra_parts_metrics.cc(226)] crbug.com/1216328: Checking Bluetooth availability started. Please report if there is no report that this ends.
Jan 07, 2022 19:11:47.16 [5588:11904:0107/191146.805:ERROR:chrome_browser_main_extra_parts_metrics.cc(229)] crbug.com/1216328: Checking Bluetooth availability ended.
Jan 07, 2022 19:11:47.16 [5588:11904:0107/191146.805:ERROR:chrome_browser_main_extra_parts_metrics.cc(232)] crbug.com/1216328: Checking default browser status started. Please report if there is no report that this ends.
Jan 07, 2022 19:11:47.16 [5588:11904:0107/191146.812:ERROR:chrome_browser_main_extra_parts_metrics.cc(236)] crbug.com/1216328: Checking default browser status ended.

Feb 09, 2022 11:44:04.72 NEW SESSION
Feb 09, 2022 11:44:04.72 [276:13208:0209/114404.369:ERROR:chrome_browser_main_extra_parts_metrics.cc(227)] START: ReportBluetoothAvailability(). If you don't see the END: message, this is crbug.com/1216328.
Feb 09, 2022 11:44:05.30 [276:13208:0209/114404.369:ERROR:chrome_browser_main_extra_parts_metrics.cc(230)] END: ReportBluetoothAvailability()
Feb 09, 2022 11:44:05.30 [276:13208:0209/114404.369:ERROR:chrome_browser_main_extra_parts_metrics.cc(235)] START: GetDefaultBrowser(). If you don't see the END: message, this is crbug.com/1216328.
Feb 09, 2022 11:44:05.31 [276:13208:0209/114404.381:ERROR:chrome_browser_main_extra_parts_metrics.cc(239)] END: GetDefaultBrowser()
Feb 09, 2022 11:44:05.31 [276:2544:0209/114404.385:ERROR:device_event_log_impl.cc(214)] [11:44:04.386] USB: usb_device_handle_win.cc:1050 Failed to read descriptor from node connection: A device attached to the system is not functioning. (0x1F)
Feb 09, 2022 11:44:05.31 [276:2544:0209/114404.388:ERROR:device_event_log_impl.cc(214)] [11:44:04.388] USB: usb_device_handle_win.cc:1050 Failed to read descriptor from node connection: A device attached to the system is not functioning. (0x1F)
Feb 09, 2022 12:54:29.73 [7832:7672:0209/125429.736:ERROR:chrome_browser_main_extra_parts_metrics.cc(227)] START: ReportBluetoothAvailability(). If you don't see the END: message, this is crbug.com/1216328.
Feb 09, 2022 12:54:30.04 [7832:7672:0209/125429.736:ERROR:chrome_browser_main_extra_parts_metrics.cc(230)] END: ReportBluetoothAvailability()
Feb 09, 2022 12:54:30.04 [7832:7672:0209/125429.736:ERROR:chrome_browser_main_extra_parts_metrics.cc(235)] START: GetDefaultBrowser(). If you don't see the END: message, this is crbug.com/1216328.
Feb 09, 2022 12:54:30.05 [7832:2932:0209/125429.742:ERROR:device_event_log_impl.cc(214)] [12:54:29.742] USB: usb_device_handle_win.cc:1050 Failed to read descriptor from node connection: A device attached to the system is not functioning. (0x1F)
Feb 09, 2022 12:54:30.05 [7832:2932:0209/125429.742:ERROR:device_event_log_impl.cc(214)] [12:54:29.742] USB: usb_device_handle_win.cc:1050 Failed to read descriptor from node connection: A device attached to the system is not functioning. (0x1F)
Feb 09, 2022 12:54:30.05 [7832:7672:0209/125429.744:ERROR:chrome_browser_main_extra_parts_metrics.cc(239)] END: GetDefaultBrowser()

Feb 09, 2022 17:17:08.56 NEW SESSION
Feb 09, 2022 17:17:08.56 [13296:9284:0209/171708.551:ERROR:chrome_browser_main_extra_parts_metrics.cc(227)] START: ReportBluetoothAvailability(). If you don't see the END: message, this is crbug.com/1216328.
Feb 09, 2022 17:17:08.97 [13296:9284:0209/171708.551:ERROR:chrome_browser_main_extra_parts_metrics.cc(230)] END: ReportBluetoothAvailability()
Feb 09, 2022 17:17:08.97 [13296:9284:0209/171708.565:ERROR:chrome_browser_main_extra_parts_metrics.cc(235)] START: GetDefaultBrowser(). If you don't see the END: message, this is crbug.com/1216328.
Feb 09, 2022 17:17:08.97 [13296:9284:0209/171708.572:ERROR:chrome_browser_main_extra_parts_metrics.cc(239)] END: GetDefaultBrowser()
Feb 09, 2022 17:17:08.97 [13296:8224:0209/171708.610:ERROR:device_event_log_impl.cc(214)] [17:17:08.609] USB: usb_device_handle_win.cc:1050 Failed to read descriptor from node connection: A device attached to the system is not functioning. (0x1F)
Feb 09, 2022 17:17:08.98 [13296:8224:0209/171708.612:ERROR:device_event_log_impl.cc(214)] [17:17:08.611] USB: usb_device_handle_win.cc:1050 Failed to read descriptor from node connection: A device attached to the system is not functioning. (0x1F)

Feb 09, 2022 17:27:57.59 NEW SESSION
Feb 09, 2022 17:27:57.60 [10460:11152:0209/172757.595:ERROR:chrome_browser_main_extra_parts_metrics.cc(227)] START: ReportBluetoothAvailability(). If you don't see the END: message, this is crbug.com/1216328.
Feb 09, 2022 17:27:57.72 [10460:11152:0209/172757.600:ERROR:chrome_browser_main_extra_parts_metrics.cc(230)] END: ReportBluetoothAvailability()
Feb 09, 2022 17:27:57.72 [10460:11152:0209/172757.600:ERROR:chrome_browser_main_extra_parts_metrics.cc(235)] START: GetDefaultBrowser(). If you don't see the END: message, this is crbug.com/1216328.
Feb 09, 2022 17:27:57.72 [10460:11152:0209/172757.607:ERROR:chrome_browser_main_extra_parts_metrics.cc(239)] END: GetDefaultBrowser()
Feb 09, 2022 17:27:57.81 [10460:10348:0209/172757.816:ERROR:device_event_log_impl.cc(214)] [17:27:57.817] USB: usb_device_handle_win.cc:1050 Failed to read descriptor from node connection: A device attached to the system is not functioning. (0x1F)
Feb 09, 2022 17:27:57.81 [10460:10348:0209/172757.819:ERROR:device_event_log_impl.cc(214)] [17:27:57.818] USB: usb_device_handle_win.cc:1050 Failed to read descriptor from node connection: A device attached to the system is not functioning. (0x1F)

Feb 10, 2022 16:33:36.30 NEW SESSION
Feb 10, 2022 16:33:36.30 [10900:11788:0210/163336.300:ERROR:chrome_browser_main_extra_parts_metrics.cc(227)] START: ReportBluetoothAvailability(). If you don't see the END: message, this is crbug.com/1216328.
Feb 10, 2022 16:33:36.57 [10900:2108:0210/163336.571:ERROR:device_event_log_impl.cc(214)] [16:33:36.570] USB: usb_device_handle_win.cc:1049 Failed to read descriptor from node connection: A device attached to the system is not functioning. (0x1F)
Feb 10, 2022 16:33:36.65 [10900:2108:0210/163336.649:ERROR:device_event_log_impl.cc(214)] [16:33:36.649] USB: usb_device_handle_win.cc:1049 Failed to read descriptor from node connection: A device attached to the system is not functioning. (0x1F)
Feb 10, 2022 16:33:37.65 [10900:11788:0210/163337.651:ERROR:chrome_browser_main_extra_parts_metrics.cc(230)] END: ReportBluetoothAvailability()
Feb 10, 2022 16:33:37.65 [10900:11788:0210/163337.651:ERROR:chrome_browser_main_extra_parts_metrics.cc(235)] START: GetDefaultBrowser(). If you don't see the END: message, this is crbug.com/1216328.
Feb 10, 2022 16:33:37.65 [10900:11788:0210/163337.653:ERROR:chrome_browser_main_extra_parts_metrics.cc(239)] END: GetDefaultBrowser()
Feb 10, 2022 18:19:31.00 [10900:2108:0210/181930.998:ERROR:device_event_log_impl.cc(214)] [18:19:30.998] USB: usb_service_win.cc:260 Failed to get device driver name: Element not found. (0x490)

Feb 13, 2022 19:47:27.12 NEW SESSION
Feb 13, 2022 19:47:27.12 [1208:11432:0213/194726.623:ERROR:chrome_browser_main_extra_parts_metrics.cc(227)] START: ReportBluetoothAvailability(). If you don't see the END: message, this is crbug.com/1216328.
Feb 13, 2022 19:47:27.54 [1208:14164:0213/194727.012:ERROR:device_event_log_impl.cc(214)] [19:47:27.012] USB: usb_device_handle_win.cc:1049 Failed to read descriptor from node connection: A device attached to the system is not functioning. (0x1F)
Feb 13, 2022 19:47:27.54 [1208:14164:0213/194727.014:ERROR:device_event_log_impl.cc(214)] [19:47:27.014] USB: usb_device_handle_win.cc:1049 Failed to read descriptor from node connection: A device attached to the system is not functioning. (0x1F)
Feb 13, 2022 19:47:28.07 [1208:11432:0213/194728.075:ERROR:chrome_browser_main_extra_parts_metrics.cc(230)] END: ReportBluetoothAvailability()
Feb 13, 2022 19:47:28.07 [1208:11432:0213/194728.075:ERROR:chrome_browser_main_extra_parts_metrics.cc(235)] START: GetDefaultBrowser(). If you don't see the END: message, this is crbug.com/1216328.
Feb 13, 2022 19:47:28.08 [1208:11432:0213/194728.085:ERROR:chrome_browser_main_extra_parts_metrics.cc(239)] END: GetDefaultBrowser()

Feb 14, 2022 18:37:13.21 NEW SESSION
Feb 14, 2022 18:37:13.21 [8580:8716:0214/183713.207:ERROR:chrome_browser_main_extra_parts_metrics.cc(227)] START: ReportBluetoothAvailability(). If you don't see the END: message, this is crbug.com/1216328.
Feb 14, 2022 18:37:14.67 [8580:5332:0214/183714.672:ERROR:device_event_log_impl.cc(214)] [18:37:14.673] USB: usb_device_handle_win.cc:1049 Failed to read descriptor from node connection: A device attached to the system is not functioning. (0x1F)
Feb 14, 2022 18:37:14.68 [8580:5332:0214/183714.687:ERROR:device_event_log_impl.cc(214)] [18:37:14.688] USB: usb_device_handle_win.cc:1049 Failed to read descriptor from node connection: A device attached to the system is not functioning. (0x1F)
Feb 14, 2022 18:37:15.12 [8580:8716:0214/183715.125:ERROR:chrome_browser_main_extra_parts_metrics.cc(230)] END: ReportBluetoothAvailability()
Feb 14, 2022 18:37:15.12 [8580:8716:0214/183715.125:ERROR:chrome_browser_main_extra_parts_metrics.cc(235)] START: GetDefaultBrowser(). If you don't see the END: message, this is crbug.com/1216328.
Feb 14, 2022 18:37:15.13 [8580:8716:0214/183715.131:ERROR:chrome_browser_main_extra_parts_metrics.cc(239)] END: GetDefaultBrowser()

Feb 15, 2022 20:00:24.16 NEW SESSION
Feb 15, 2022 20:00:24.16 [2312:10832:0215/200024.165:ERROR:chrome_browser_main_extra_parts_metrics.cc(227)] START: ReportBluetoothAvailability(). If you don't see the END: message, this is crbug.com/1216328.
Feb 15, 2022 20:00:24.36 [2312:10832:0215/200024.165:ERROR:chrome_browser_main_extra_parts_metrics.cc(230)] END: ReportBluetoothAvailability()
Feb 15, 2022 20:00:24.36 [2312:10832:0215/200024.165:ERROR:chrome_browser_main_extra_parts_metrics.cc(235)] START: GetDefaultBrowser(). If you don't see the END: message, this is crbug.com/1216328.
Feb 15, 2022 20:00:24.36 [2312:10832:0215/200024.169:ERROR:chrome_browser_main_extra_parts_metrics.cc(239)] END: GetDefaultBrowser()
Feb 15, 2022 20:00:24.36 [2312:13896:0215/200024.236:ERROR:device_event_log_impl.cc(214)] [20:00:24.235] USB: usb_device_handle_win.cc:1049 Failed to read descriptor from node connection: A device attached to the system is not functioning. (0x1F)
Feb 15, 2022 20:00:24.36 [2312:13896:0215/200024.242:ERROR:device_event_log_impl.cc(214)] [20:00:24.241] USB: usb_device_handle_win.cc:1049 Failed to read descriptor from node connection: A device attached to the system is not functioning. (0x1F)

Feb 18, 2022 16:49:08.97 NEW SESSION
Feb 18, 2022 16:49:08.97 [12356:2444:0218/164908.858:ERROR:network_service_instance_impl.cc(975)] Network service crashed, restarting service.
Feb 18, 2022 16:49:10.56 [12356:7896:0218/164910.564:ERROR:chrome_browser_main_extra_parts_metrics.cc(227)] START: ReportBluetoothAvailability(). If you don't see the END: message, this is crbug.com/1216328.
Feb 18, 2022 16:49:12.58 [12356:7896:0218/164912.587:ERROR:chrome_browser_main_extra_parts_metrics.cc(230)] END: ReportBluetoothAvailability()
Feb 18, 2022 16:49:12.58 [12356:7896:0218/164912.587:ERROR:chrome_browser_main_extra_parts_metrics.cc(235)] START: GetDefaultBrowser(). If you don't see the END: message, this is crbug.com/1216328.
Feb 18, 2022 16:49:12.59 [12356:7896:0218/164912.590:ERROR:chrome_browser_main_extra_parts_metrics.cc(239)] END: GetDefaultBrowser()
Feb 18, 2022 16:49:12.63 [12356:2444:0218/164912.632:ERROR:device_event_log_impl.cc(214)] [16:49:12.631] USB: usb_device_handle_win.cc:1049 Failed to read descriptor from node connection: A device attached to the system is not functioning. (0x1F)
Feb 18, 2022 16:49:12.69 [12356:2444:0218/164912.691:ERROR:device_event_log_impl.cc(214)] [16:49:12.691] USB: usb_device_handle_win.cc:1049 Failed to read descriptor from node connection: A device attached to the system is not functioning. (0x1F)
Feb 18, 2022 16:52:30.98 [13092:13604:0218/165230.988:ERROR:device_event_log_impl.cc(214)] [16:52:30.987] USB: usb_device_handle_win.cc:1049 Failed to read descriptor from node connection: A device attached to the system is not functioning. (0x1F)
Feb 18, 2022 16:52:31.21 [13092:1612:0218/165230.988:ERROR:chrome_browser_main_extra_parts_metrics.cc(227)] START: ReportBluetoothAvailability(). If you don't see the END: message, this is crbug.com/1216328.
Feb 18, 2022 16:52:31.21 [13092:1612:0218/165230.988:ERROR:chrome_browser_main_extra_parts_metrics.cc(230)] END: ReportBluetoothAvailability()
Feb 18, 2022 16:52:31.21 [13092:1612:0218/165230.988:ERROR:chrome_browser_main_extra_parts_metrics.cc(235)] START: GetDefaultBrowser(). If you don't see the END: message, this is crbug.com/1216328.
Feb 18, 2022 16:52:31.22 [13092:13604:0218/165230.988:ERROR:device_event_log_impl.cc(214)] [16:52:30.987] USB: usb_device_handle_win.cc:1049 Failed to read descriptor from node connection: A device attached to the system is not functioning. (0x1F)
Feb 18, 2022 16:52:31.22 [13092:1612:0218/165230.998:ERROR:chrome_browser_main_extra_parts_metrics.cc(239)] END: GetDefaultBrowser()

Feb 21, 2022 16:03:08.38 NEW SESSION
Feb 21, 2022 16:03:08.38 [9668:9608:0221/160308.385:ERROR:network_service_instance_impl.cc(975)] Network service crashed, restarting service.
Feb 21, 2022 16:03:10.31 [9668:2616:0221/160310.314:ERROR:chrome_browser_main_extra_parts_metrics.cc(227)] START: ReportBluetoothAvailability(). If you don't see the END: message, this is crbug.com/1216328.
Feb 21, 2022 16:03:10.44 [9668:2616:0221/160310.445:ERROR:chrome_browser_main_extra_parts_metrics.cc(230)] END: ReportBluetoothAvailability()
Feb 21, 2022 16:03:10.44 [9668:2616:0221/160310.445:ERROR:chrome_browser_main_extra_parts_metrics.cc(235)] START: GetDefaultBrowser(). If you don't see the END: message, this is crbug.com/1216328.
Feb 21, 2022 16:03:10.44 [9668:2616:0221/160310.449:ERROR:chrome_browser_main_extra_parts_metrics.cc(239)] END: GetDefaultBrowser()
Feb 21, 2022 16:03:10.78 [9668:9608:0221/160310.779:ERROR:device_event_log_impl.cc(214)] [16:03:10.780] USB: usb_device_handle_win.cc:1049 Failed to read descriptor from node connection: A device attached to the system is not functioning. (0x1F)
Feb 21, 2022 16:03:10.78 [9668:9608:0221/160310.781:ERROR:device_event_log_impl.cc(214)] [16:03:10.781] USB: usb_device_handle_win.cc:1049 Failed to read descriptor from node connection: A device attached to the system is not functioning. (0x1F)
Feb 21, 2022 16:44:51.86 [9668:13820:0221/164451.869:ERROR:connection_factory_impl.cc(425)] Failed to connect to MCS endpoint with error -106
Feb 21, 2022 16:45:17.17 [9668:13820:0221/164517.178:ERROR:connection_factory_impl.cc(425)] Failed to connect to MCS endpoint with error -106
Feb 21, 2022 16:46:10.58 [9668:13820:0221/164610.586:ERROR:connection_factory_impl.cc(425)] Failed to connect to MCS endpoint with error -106
Feb 21, 2022 16:48:02.58 [9668:13820:0221/164802.583:ERROR:connection_factory_impl.cc(425)] Failed to connect to MCS endpoint with error -106

Feb 23, 2022 13:11:36.11 NEW SESSION
Feb 23, 2022 13:11:36.11 [11912:10456:0223/131136.108:ERROR:device_event_log_impl.cc(214)] [13:11:36.108] USB: usb_device_handle_win.cc:1049 Failed to read descriptor from node connection: A device attached to the system is not functioning. (0x1F)
Feb 23, 2022 13:11:36.13 [11912:10456:0223/131136.109:ERROR:device_event_log_impl.cc(214)] [13:11:36.109] USB: usb_device_handle_win.cc:1049 Failed to read descriptor from node connection: A device attached to the system is not functioning. (0x1F)
Feb 23, 2022 13:11:36.25 [11912:2652:0223/131136.250:ERROR:chrome_browser_main_extra_parts_metrics.cc(227)] START: ReportBluetoothAvailability(). If you don't see the END: message, this is crbug.com/1216328.
Feb 23, 2022 13:11:36.35 [11912:2652:0223/131136.351:ERROR:chrome_browser_main_extra_parts_metrics.cc(230)] END: ReportBluetoothAvailability()
Feb 23, 2022 13:11:36.35 [11912:2652:0223/131136.351:ERROR:chrome_browser_main_extra_parts_metrics.cc(235)] START: GetDefaultBrowser(). If you don't see the END: message, this is crbug.com/1216328.
Feb 23, 2022 13:11:36.36 [11912:2652:0223/131136.361:ERROR:chrome_browser_main_extra_parts_metrics.cc(239)] END: GetDefaultBrowser()
Feb 23, 2022 13:16:21.86 [12668:5080:0223/131621.859:ERROR:chrome_browser_main_extra_parts_metrics.cc(227)] START: ReportBluetoothAvailability(). If you don't see the END: message, this is crbug.com/1216328.
Feb 23, 2022 13:16:21.98 [12668:10888:0223/131621.862:ERROR:device_event_log_impl.cc(214)] [13:16:21.863] USB: usb_device_handle_win.cc:1049 Failed to read descriptor from node connection: A device attached to the system is not functioning. (0x1F)
Feb 23, 2022 13:16:21.98 [12668:5080:0223/131621.863:ERROR:chrome_browser_main_extra_parts_metrics.cc(230)] END: ReportBluetoothAvailability()
Feb 23, 2022 13:16:21.99 [12668:5080:0223/131621.864:ERROR:chrome_browser_main_extra_parts_metrics.cc(235)] START: GetDefaultBrowser(). If you don't see the END: message, this is crbug.com/1216328.
Feb 23, 2022 13:16:21.99 [12668:10888:0223/131621.864:ERROR:device_event_log_impl.cc(214)] [13:16:21.864] USB: usb_device_handle_win.cc:1049 Failed to read descriptor from node connection: A device attached to the system is not functioning. (0x1F)
Feb 23, 2022 13:16:21.99 [12668:5080:0223/131621.877:ERROR:chrome_browser_main_extra_parts_metrics.cc(239)] END: GetDefaultBrowser()

Feb 23, 2022 18:26:00.03 NEW SESSION
Feb 23, 2022 18:26:00.03 [5588:9600:0223/182600.026:ERROR:chrome_browser_main_extra_parts_metrics.cc(227)] START: ReportBluetoothAvailability(). If you don't see the END: message, this is crbug.com/1216328.
Feb 23, 2022 18:26:00.42 [5588:12120:0223/182600.193:ERROR:device_event_log_impl.cc(214)] [18:26:00.193] USB: usb_device_handle_win.cc:1049 Failed to read descriptor from node connection: A device attached to the system is not functioning. (0x1F)
Feb 23, 2022 18:26:00.42 [5588:12120:0223/182600.204:ERROR:device_event_log_impl.cc(214)] [18:26:00.204] USB: usb_device_handle_win.cc:1049 Failed to read descriptor from node connection: A device attached to the system is not functioning. (0x1F)
Feb 23, 2022 18:26:00.55 [5588:9600:0223/182600.548:ERROR:chrome_browser_main_extra_parts_metrics.cc(230)] END: ReportBluetoothAvailability()
Feb 23, 2022 18:26:00.55 [5588:9600:0223/182600.551:ERROR:chrome_browser_main_extra_parts_metrics.cc(235)] START: GetDefaultBrowser(). If you don't see the END: message, this is crbug.com/1216328.
Feb 23, 2022 18:26:00.55 [5588:9600:0223/182600.554:ERROR:chrome_browser_main_extra_parts_metrics.cc(239)] END: GetDefaultBrowser()
Feb 23, 2022 18:26:14.12 [5588:6692:0223/182614.119:ERROR:connection_factory_impl.cc(425)] Failed to connect to MCS endpoint with error -106
Feb 23, 2022 18:26:37.41 [5588:6692:0223/182637.416:ERROR:connection_factory_impl.cc(425)] Failed to connect to MCS endpoint with error -106
Feb 23, 2022 18:27:24.88 [5588:6692:0223/182724.881:ERROR:connection_factory_impl.cc(425)] Failed to connect to MCS endpoint with error -106

Feb 24, 2022 15:14:08.81 NEW SESSION
Feb 24, 2022 15:14:08.81 [12832:1016:0224/151408.806:ERROR:network_service_instance_impl.cc(975)] Network service crashed, restarting service.
Feb 24, 2022 15:14:09.20 [12832:5724:0224/151408.917:ERROR:chrome_browser_main_extra_parts_metrics.cc(227)] START: ReportBluetoothAvailability(). If you don't see the END: message, this is crbug.com/1216328.
Feb 24, 2022 15:14:09.20 [12832:5724:0224/151408.932:ERROR:chrome_browser_main_extra_parts_metrics.cc(230)] END: ReportBluetoothAvailability()
Feb 24, 2022 15:14:09.20 [12832:5724:0224/151408.932:ERROR:chrome_browser_main_extra_parts_metrics.cc(235)] START: GetDefaultBrowser(). If you don't see the END: message, this is crbug.com/1216328.
Feb 24, 2022 15:14:09.20 [12832:5724:0224/151408.938:ERROR:chrome_browser_main_extra_parts_metrics.cc(239)] END: GetDefaultBrowser()
Feb 24, 2022 15:14:10.71 [12832:1016:0224/151410.710:ERROR:device_event_log_impl.cc(214)] [15:14:10.709] USB: usb_device_handle_win.cc:1049 Failed to read descriptor from node connection: A device attached to the system is not functioning. (0x1F)
Feb 24, 2022 15:14:10.73 [12832:1016:0224/151410.731:ERROR:device_event_log_impl.cc(214)] [15:14:10.731] USB: usb_device_handle_win.cc:1049 Failed to read descriptor from node connection: A device attached to the system is not functioning. (0x1F)

Feb 25, 2022 19:28:30.72 NEW SESSION
Feb 25, 2022 19:28:30.72 [3900:10136:0225/192830.725:ERROR:chrome_browser_main_extra_parts_metrics.cc(227)] START: ReportBluetoothAvailability(). If you don't see the END: message, this is crbug.com/1216328.
Feb 25, 2022 19:28:31.26 [3900:10136:0225/192830.725:ERROR:chrome_browser_main_extra_parts_metrics.cc(230)] END: ReportBluetoothAvailability()
Feb 25, 2022 19:28:31.26 [3900:10136:0225/192830.725:ERROR:chrome_browser_main_extra_parts_metrics.cc(235)] START: GetDefaultBrowser(). If you don't see the END: message, this is crbug.com/1216328.
Feb 25, 2022 19:28:31.26 [3900:10136:0225/192830.729:ERROR:chrome_browser_main_extra_parts_metrics.cc(239)] END: GetDefaultBrowser()
Feb 25, 2022 19:28:31.26 [3900:4536:0225/192830.793:ERROR:device_event_log_impl.cc(214)] [19:28:30.793] USB: usb_device_handle_win.cc:1049 Failed to read descriptor from node connection: A device attached to the system is not functioning. (0x1F)
Feb 25, 2022 19:28:31.26 [3900:4536:0225/192830.793:ERROR:device_event_log_impl.cc(214)] [19:28:30.793] USB: usb_device_handle_win.cc:1049 Failed to read descriptor from node connection: A device attached to the system is not functioning. (0x1F)

Feb 27, 2022 12:45:43.97 NEW SESSION
Feb 27, 2022 12:45:43.97 [10864:6876:0227/124543.967:ERROR:device_event_log_impl.cc(214)] [12:45:43.967] USB: usb_device_handle_win.cc:1049 Failed to read descriptor from node connection: A device attached to the system is not functioning. (0x1F)
Feb 27, 2022 12:45:44.05 [10864:6876:0227/124543.967:ERROR:device_event_log_impl.cc(214)] [12:45:43.967] USB: usb_device_handle_win.cc:1049 Failed to read descriptor from node connection: A device attached to the system is not functioning. (0x1F)
Feb 27, 2022 12:45:44.06 [10864:6652:0227/124543.971:ERROR:chrome_browser_main_extra_parts_metrics.cc(227)] START: ReportBluetoothAvailability(). If you don't see the END: message, this is crbug.com/1216328.
Feb 27, 2022 12:45:44.06 [10864:6652:0227/124543.971:ERROR:chrome_browser_main_extra_parts_metrics.cc(230)] END: ReportBluetoothAvailability()
Feb 27, 2022 12:45:44.06 [10864:6652:0227/124543.971:ERROR:chrome_browser_main_extra_parts_metrics.cc(235)] START: GetDefaultBrowser(). If you don't see the END: message, this is crbug.com/1216328.
Feb 27, 2022 12:45:44.06 [10864:6652:0227/124543.977:ERROR:chrome_browser_main_extra_parts_metrics.cc(239)] END: GetDefaultBrowser()
Feb 27, 2022 12:45:56.11 [10864:2140:0227/124556.118:ERROR:connection_factory_impl.cc(425)] Failed to connect to MCS endpoint with error -106
Feb 27, 2022 12:46:16.03 [10864:6876:0227/124616.038:ERROR:account_info_fetcher.cc(62)] OnGetTokenFailure: Connection failed (-106).
Feb 27, 2022 12:46:16.60 [10864:2140:0227/124616.602:ERROR:connection_factory_impl.cc(425)] Failed to connect to MCS endpoint with error -106
Feb 27, 2022 12:46:59.23 [10864:2140:0227/124659.236:ERROR:connection_factory_impl.cc(425)] Failed to connect to MCS endpoint with error -106
Feb 27, 2022 12:48:41.98 [10864:2140:0227/124841.985:ERROR:connection_factory_impl.cc(425)] Failed to connect to MCS endpoint with error -106
Feb 27, 2022 12:52:03.99 [10864:2140:0227/125203.993:ERROR:connection_factory_impl.cc(425)] Failed to connect to MCS endpoint with error -106
Feb 27, 2022 12:57:31.08 [10864:2140:0227/125731.084:ERROR:connection_factory_impl.cc(425)] Failed to connect to MCS endpoint with error -106
Feb 27, 2022 13:07:31.09 [10864:2140:0227/130731.094:ERROR:connection_factory_impl.cc(425)] Failed to connect to MCS endpoint with error -106
